Z:/Electronix/src/layouts/iFileManager.h:2: warning: the name `iLevelManager.c' supplied as the second argument in the \file statement is not an input file
error: Problems running dot: exit code=-1, command='dot', arguments='"Z:/Electronix/doc/html/bipole_8h__incl.dot" -Tpng -o "Z:/Electronix/doc/html/bipole_8h__incl.png"'
error: Problems running dot: exit code=-1, command='dot', arguments='"Z:/Electronix/doc/html/audio_8h__incl.dot" -Tpng -o "Z:/Electronix/doc/html/audio_8h__incl.png"'
error: Problems running dot: exit code=-1, command='dot', arguments='"Z:/Electronix/doc/html/audio_8h__dep__incl.dot" -Tpng -o "Z:/Electronix/doc/html/audio_8h__dep__incl.png"'
error: Problems running dot: exit code=-1, command='dot', arguments='"Z:/Electronix/doc/html/bipole_8c__incl.dot" -Tpng -o "Z:/Electronix/doc/html/bipole_8c__incl.png"'
error: Problems running dot: exit code=-1, command='dot', arguments='"Z:/Electronix/doc/html/bipole_8h__dep__incl.dot" -Tpng -o "Z:/Electronix/doc/html/bipole_8h__dep__incl.png"'
error: Problems running dot: exit code=-1, command='dot', arguments='"Z:/Electronix/doc/html/commons__datas_8h__incl.dot" -Tpng -o "Z:/Electronix/doc/html/commons__datas_8h__incl.png"'
error: Problems running dot: exit code=-1, command='dot', arguments='"Z:/Electronix/doc/html/commons__datas_8h__dep__incl.dot" -Tpng -o "Z:/Electronix/doc/html/commons__datas_8h__dep__incl.png"'
error: Problems running dot: exit code=-1, command='dot', arguments='"Z:/Electronix/doc/html/commons__datas_8c__incl.dot" -Tpng -o "Z:/Electronix/doc/html/commons__datas_8c__incl.png"'
error: Problems running dot: exit code=-1, command='dot', arguments='"Z:/Electronix/doc/html/audio_8c__incl.dot" -Tpng -o "Z:/Electronix/doc/html/audio_8c__incl.png"'
error: Problems running dot: exit code=-1, command='dot', arguments='"Z:/Electronix/doc/html/config_8c_a2c86d862cc39794abd30b4eff33cdbd6_cgraph.dot" -Tpng -o "Z:/Electronix/doc/html/config_8c_a2c86d862cc39794abd30b4eff33cdbd6_cgraph.png"'
error: Problems running dot: exit code=-1, command='dot', arguments='"Z:/Electronix/doc/html/config_8h__incl.dot" -Tpng -o "Z:/Electronix/doc/html/config_8h__incl.png"'
error: Problems running dot: exit code=-1, command='dot', arguments='"Z:/Electronix/doc/html/config_8h__dep__incl.dot" -Tpng -o "Z:/Electronix/doc/html/config_8h__dep__incl.png"'
error: Problems running dot: exit code=-1, command='dot', arguments='"Z:/Electronix/doc/html/config_8c_a1f429b3819a39345a9a7924dec4509fc_cgraph.dot" -Tpng -o "Z:/Electronix/doc/html/config_8c_a1f429b3819a39345a9a7924dec4509fc_cgraph.png"'
error: Problems running dot: exit code=-1, command='dot', arguments='"Z:/Electronix/doc/html/config_8c__incl.dot" -Tpng -o "Z:/Electronix/doc/html/config_8c__incl.png"'
error: Problems running dot: exit code=-1, command='dot', arguments='"Z:/Electronix/doc/html/grid_helper_8c__incl.dot" -Tpng -o "Z:/Electronix/doc/html/grid_helper_8c__incl.png"'
error: Problems running dot: exit code=-1, command='dot', arguments='"Z:/Electronix/doc/html/grid_helper_8c_af84f19ac14692ee105794f225697b3a6_cgraph.dot" -Tpng -o "Z:/Electronix/doc/html/grid_helper_8c_af84f19ac14692ee105794f225697b3a6_cgraph.png"'
error: Problems running dot: exit code=-1, command='dot', arguments='"Z:/Electronix/doc/html/config_8h_a2c86d862cc39794abd30b4eff33cdbd6_cgraph.dot" -Tpng -o "Z:/Electronix/doc/html/config_8h_a2c86d862cc39794abd30b4eff33cdbd6_cgraph.png"'
error: Problems running dot: exit code=-1, command='dot', arguments='"Z:/Electronix/doc/html/grid_helper_8h__incl.dot" -Tpng -o "Z:/Electronix/doc/html/grid_helper_8h__incl.png"'
error: Problems running dot: exit code=-1, command='dot', arguments='"Z:/Electronix/doc/html/grid_helper_8h__dep__incl.dot" -Tpng -o "Z:/Electronix/doc/html/grid_helper_8h__dep__incl.png"'
error: Problems running dot: exit code=-1, command='dot', arguments='"Z:/Electronix/doc/html/grid_manager_8h__incl.dot" -Tpng -o "Z:/Electronix/doc/html/grid_manager_8h__incl.png"'
error: Problems running dot: exit code=-1, command='dot', arguments='"Z:/Electronix/doc/html/grid_manager_8h__dep__incl.dot" -Tpng -o "Z:/Electronix/doc/html/grid_manager_8h__dep__incl.png"'
error: Problems running dot: exit code=-1, command='dot', arguments='"Z:/Electronix/doc/html/grid_manager_8c__incl.dot" -Tpng -o "Z:/Electronix/doc/html/grid_manager_8c__incl.png"'
error: Problems running dot: exit code=-1, command='dot', arguments='"Z:/Electronix/doc/html/i_conception_8c__incl.dot" -Tpng -o "Z:/Electronix/doc/html/i_conception_8c__incl.png"'
error: Problems running dot: exit code=-1, command='dot', arguments='"Z:/Electronix/doc/html/i_conception_8c_a810a0df84ed0c648fbea93851ff097c3_cgraph.dot" -Tpng -o "Z:/Electronix/doc/html/i_conception_8c_a810a0df84ed0c648fbea93851ff097c3_cgraph.png"'
error: Problems running dot: exit code=-1, command='dot', arguments='"Z:/Electronix/doc/html/i_conception_8c_a1564c33ae3fe41e9e96beb1ec267d70c_cgraph.dot" -Tpng -o "Z:/Electronix/doc/html/i_conception_8c_a1564c33ae3fe41e9e96beb1ec267d70c_cgraph.png"'
error: Problems running dot: exit code=-1, command='dot', arguments='"Z:/Electronix/doc/html/i_conception_8c_a8713d72a668edc16683a13d2f646b748_cgraph.dot" -Tpng -o "Z:/Electronix/doc/html/i_conception_8c_a8713d72a668edc16683a13d2f646b748_cgraph.png"'
error: Problems running dot: exit code=-1, command='dot', arguments='"Z:/Electronix/doc/html/i_conception_8c_ace1ee3098ee44fcff156544706487ef9_cgraph.dot" -Tpng -o "Z:/Electronix/doc/html/i_conception_8c_ace1ee3098ee44fcff156544706487ef9_cgraph.png"'
error: Problems running dot: exit code=-1, command='dot', arguments='"Z:/Electronix/doc/html/i_conception_8c_a8a61fc4ff74ae92c3026f4b0ab516c4d_cgraph.dot" -Tpng -o "Z:/Electronix/doc/html/i_conception_8c_a8a61fc4ff74ae92c3026f4b0ab516c4d_cgraph.png"'
error: Problems running dot: exit code=-1, command='dot', arguments='"Z:/Electronix/doc/html/i_conception_8c_a435ac4db9388483f471b380164ed1d9a_cgraph.dot" -Tpng -o "Z:/Electronix/doc/html/i_conception_8c_a435ac4db9388483f471b380164ed1d9a_cgraph.png"'
error: Problems running dot: exit code=-1, command='dot', arguments='"Z:/Electronix/doc/html/i_conception_8c_a84f2f2ae6a9e9177252d77344ad4fc2c_cgraph.dot" -Tpng -o "Z:/Electronix/doc/html/i_conception_8c_a84f2f2ae6a9e9177252d77344ad4fc2c_cgraph.png"'
error: Problems running dot: exit code=-1, command='dot', arguments='"Z:/Electronix/doc/html/i_conception_8h__incl.dot" -Tpng -o "Z:/Electronix/doc/html/i_conception_8h__incl.png"'
error: Problems running dot: exit code=-1, command='dot', arguments='"Z:/Electronix/doc/html/i_conception_8h__dep__incl.dot" -Tpng -o "Z:/Electronix/doc/html/i_conception_8h__dep__incl.png"'
error: Problems running dot: exit code=-1, command='dot', arguments='"Z:/Electronix/doc/html/i_conception_8h_a0efc60d3be04b387da94a5e6a5df745d_cgraph.dot" -Tpng -o "Z:/Electronix/doc/html/i_conception_8h_a0efc60d3be04b387da94a5e6a5df745d_cgraph.png"'
error: Problems running dot: exit code=-1, command='dot', arguments='"Z:/Electronix/doc/html/i_conception_8h_a6e9b130055f4a226593768ccfdb340d8_cgraph.dot" -Tpng -o "Z:/Electronix/doc/html/i_conception_8h_a6e9b130055f4a226593768ccfdb340d8_cgraph.png"'
error: Problems running dot: exit code=-1, command='dot', arguments='"Z:/Electronix/doc/html/i_conception_8h_a1564c33ae3fe41e9e96beb1ec267d70c_cgraph.dot" -Tpng -o "Z:/Electronix/doc/html/i_conception_8h_a1564c33ae3fe41e9e96beb1ec267d70c_cgraph.png"'
error: Problems running dot: exit code=-1, command='dot', arguments='"Z:/Electronix/doc/html/i_conception_8h_ace1ee3098ee44fcff156544706487ef9_cgraph.dot" -Tpng -o "Z:/Electronix/doc/html/i_conception_8h_ace1ee3098ee44fcff156544706487ef9_cgraph.png"'
error: Problems running dot: exit code=-1, command='dot', arguments='"Z:/Electronix/doc/html/i_conception_8h_a8a61fc4ff74ae92c3026f4b0ab516c4d_cgraph.dot" -Tpng -o "Z:/Electronix/doc/html/i_conception_8h_a8a61fc4ff74ae92c3026f4b0ab516c4d_cgraph.png"'
error: Problems running dot: exit code=-1, command='dot', arguments='"Z:/Electronix/doc/html/i_conception_8h_a84f2f2ae6a9e9177252d77344ad4fc2c_cgraph.dot" -Tpng -o "Z:/Electronix/doc/html/i_conception_8h_a84f2f2ae6a9e9177252d77344ad4fc2c_cgraph.png"'
error: Problems running dot: exit code=-1, command='dot', arguments='"Z:/Electronix/doc/html/i_conception_8h_a435ac4db9388483f471b380164ed1d9a_cgraph.dot" -Tpng -o "Z:/Electronix/doc/html/i_conception_8h_a435ac4db9388483f471b380164ed1d9a_cgraph.png"'
error: Problems running dot: exit code=-1, command='dot', arguments='"Z:/Electronix/doc/html/i_file_manager_8c__incl.dot" -Tpng -o "Z:/Electronix/doc/html/i_file_manager_8c__incl.png"'
error: Problems running dot: exit code=-1, command='dot', arguments='"Z:/Electronix/doc/html/i_file_manager_8h__dep__incl.dot" -Tpng -o "Z:/Electronix/doc/html/i_file_manager_8h__dep__incl.png"'
error: Problems running dot: exit code=-1, command='dot', arguments='"Z:/Electronix/doc/html/i_file_manager_8c_a7b45861344c389fb5cd7ab3bdaaac163_cgraph.dot" -Tpng -o "Z:/Electronix/doc/html/i_file_manager_8c_a7b45861344c389fb5cd7ab3bdaaac163_cgraph.png"'
error: Problems running dot: exit code=-1, command='dot', arguments='"Z:/Electronix/doc/html/i_file_manager_8c_a16574107813fc1acea73309c73a6000c_cgraph.dot" -Tpng -o "Z:/Electronix/doc/html/i_file_manager_8c_a16574107813fc1acea73309c73a6000c_cgraph.png"'
error: Problems running dot: exit code=-1, command='dot', arguments='"Z:/Electronix/doc/html/i_file_manager_8h__incl.dot" -Tpng -o "Z:/Electronix/doc/html/i_file_manager_8h__incl.png"'
error: Problems running dot: exit code=-1, command='dot', arguments='"Z:/Electronix/doc/html/i_file_manager_8c_a69ddd5fbe2879c4d3c621965513be509_cgraph.dot" -Tpng -o "Z:/Electronix/doc/html/i_file_manager_8c_a69ddd5fbe2879c4d3c621965513be509_cgraph.png"'
error: Problems running dot: exit code=-1, command='dot', arguments='"Z:/Electronix/doc/html/i_file_manager_8h_a69ddd5fbe2879c4d3c621965513be509_cgraph.dot" -Tpng -o "Z:/Electronix/doc/html/i_file_manager_8h_a69ddd5fbe2879c4d3c621965513be509_cgraph.png"'
error: Problems running dot: exit code=-1, command='dot', arguments='"Z:/Electronix/doc/html/i_file_manager_8h_a322a8fa08f3980e1d47133a2accb2130_cgraph.dot" -Tpng -o "Z:/Electronix/doc/html/i_file_manager_8h_a322a8fa08f3980e1d47133a2accb2130_cgraph.png"'
error: Problems running dot: exit code=-1, command='dot', arguments='"Z:/Electronix/doc/html/i_file_manager_8h_a3d2ccc85006bc72a11b6e045c470ac24_cgraph.dot" -Tpng -o "Z:/Electronix/doc/html/i_file_manager_8h_a3d2ccc85006bc72a11b6e045c470ac24_cgraph.png"'
error: Problems running dot: exit code=-1, command='dot', arguments='"Z:/Electronix/doc/html/i_level_8c_ab8f8c7f3e8b841274746187613a5eb14_cgraph.dot" -Tpng -o "Z:/Electronix/doc/html/i_level_8c_ab8f8c7f3e8b841274746187613a5eb14_cgraph.png"'
error: Problems running dot: exit code=-1, command='dot', arguments='"Z:/Electronix/doc/html/i_level_8c__incl.dot" -Tpng -o "Z:/Electronix/doc/html/i_level_8c__incl.png"'
error: Problems running dot: exit code=-1, command='dot', arguments='"Z:/Electronix/doc/html/i_level_8c_a724125aedba7691500edefe87a30bf9c_cgraph.dot" -Tpng -o "Z:/Electronix/doc/html/i_level_8c_a724125aedba7691500edefe87a30bf9c_cgraph.png"'
error: Problems running dot: exit code=-1, command='dot', arguments='"Z:/Electronix/doc/html/i_level_8c_a66fecb58be837baa006a0db2da691e68_cgraph.dot" -Tpng -o "Z:/Electronix/doc/html/i_level_8c_a66fecb58be837baa006a0db2da691e68_cgraph.png"'
error: Problems running dot: exit code=-1, command='dot', arguments='"Z:/Electronix/doc/html/i_level_8h__incl.dot" -Tpng -o "Z:/Electronix/doc/html/i_level_8h__incl.png"'
error: Problems running dot: exit code=-1, command='dot', arguments='"Z:/Electronix/doc/html/i_level_8h__dep__incl.dot" -Tpng -o "Z:/Electronix/doc/html/i_level_8h__dep__incl.png"'
error: Problems running dot: exit code=-1, command='dot', arguments='"Z:/Electronix/doc/html/i_level_8h_a7671cb53210f09075bd23779cbe6abe2_cgraph.dot" -Tpng -o "Z:/Electronix/doc/html/i_level_8h_a7671cb53210f09075bd23779cbe6abe2_cgraph.png"'
error: Problems running dot: exit code=-1, command='dot', arguments='"Z:/Electronix/doc/html/i_level_8h_a7bc2ea82fc31238bf6e439cc5e3a8925_cgraph.dot" -Tpng -o "Z:/Electronix/doc/html/i_level_8h_a7bc2ea82fc31238bf6e439cc5e3a8925_cgraph.png"'
error: Problems running dot: exit code=-1, command='dot', arguments='"Z:/Electronix/doc/html/i_level_8h_a66fecb58be837baa006a0db2da691e68_cgraph.dot" -Tpng -o "Z:/Electronix/doc/html/i_level_8h_a66fecb58be837baa006a0db2da691e68_cgraph.png"'
error: Problems running dot: exit code=-1, command='dot', arguments='"Z:/Electronix/doc/html/i_menu_8c__incl.dot" -Tpng -o "Z:/Electronix/doc/html/i_menu_8c__incl.png"'
error: Problems running dot: exit code=-1, command='dot', arguments='"Z:/Electronix/doc/html/i_menu_8c_aa8142218663330ead3358c75506cadde_cgraph.dot" -Tpng -o "Z:/Electronix/doc/html/i_menu_8c_aa8142218663330ead3358c75506cadde_cgraph.png"'
error: Problems running dot: exit code=-1, command='dot', arguments='"Z:/Electronix/doc/html/i_menu_8c_a3da60bd687ad2c5659c9992482ea8e44_cgraph.dot" -Tpng -o "Z:/Electronix/doc/html/i_menu_8c_a3da60bd687ad2c5659c9992482ea8e44_cgraph.png"'
error: Problems running dot: exit code=-1, command='dot', arguments='"Z:/Electronix/doc/html/i_menu_8h__dep__incl.dot" -Tpng -o "Z:/Electronix/doc/html/i_menu_8h__dep__incl.png"'
error: Problems running dot: exit code=-1, command='dot', arguments='"Z:/Electronix/doc/html/i_menu_8h__incl.dot" -Tpng -o "Z:/Electronix/doc/html/i_menu_8h__incl.png"'
error: Problems running dot: exit code=-1, command='dot', arguments='"Z:/Electronix/doc/html/i_menu_8c_a032326a2bdb55ff1987d485d49b495d5_cgraph.dot" -Tpng -o "Z:/Electronix/doc/html/i_menu_8c_a032326a2bdb55ff1987d485d49b495d5_cgraph.png"'
error: Problems running dot: exit code=-1, command='dot', arguments='"Z:/Electronix/doc/html/i_menu_8h_a3da60bd687ad2c5659c9992482ea8e44_cgraph.dot" -Tpng -o "Z:/Electronix/doc/html/i_menu_8h_a3da60bd687ad2c5659c9992482ea8e44_cgraph.png"'
error: Problems running dot: exit code=-1, command='dot', arguments='"Z:/Electronix/doc/html/i_menu_8h_a546546b61fc8e75b1caa83941f1282ce_cgraph.dot" -Tpng -o "Z:/Electronix/doc/html/i_menu_8h_a546546b61fc8e75b1caa83941f1282ce_cgraph.png"'
error: Problems running dot: exit code=-1, command='dot', arguments='"Z:/Electronix/doc/html/kernel_8c__incl.dot" -Tpng -o "Z:/Electronix/doc/html/kernel_8c__incl.png"'
error: Problems running dot: exit code=-1, command='dot', arguments='"Z:/Electronix/doc/html/kernel_8c_a2250bc04b5b91ffa33ebb43cd78d7862_cgraph.dot" -Tpng -o "Z:/Electronix/doc/html/kernel_8c_a2250bc04b5b91ffa33ebb43cd78d7862_cgraph.png"'
error: Problems running dot: exit code=-1, command='dot', arguments='"Z:/Electronix/doc/html/i_menu_8h_a46a9351459e8c1009eb7e958369ab08d_cgraph.dot" -Tpng -o "Z:/Electronix/doc/html/i_menu_8h_a46a9351459e8c1009eb7e958369ab08d_cgraph.png"'
error: Problems running dot: exit code=-1, command='dot', arguments='"Z:/Electronix/doc/html/kernel_8c_a27352a8c81f0f38a3d466b5f43eef351_cgraph.dot" -Tpng -o "Z:/Electronix/doc/html/kernel_8c_a27352a8c81f0f38a3d466b5f43eef351_cgraph.png"'
error: Problems running dot: exit code=-1, command='dot', arguments='"Z:/Electronix/doc/html/kernel_8c_aefe5df88c57d4b9a356721c015cf1fd6_cgraph.dot" -Tpng -o "Z:/Electronix/doc/html/kernel_8c_aefe5df88c57d4b9a356721c015cf1fd6_cgraph.png"'
error: Problems running dot: exit code=-1, command='dot', arguments='"Z:/Electronix/doc/html/kernel_8c_ab2d3e07493013fd0d4a5d15f84527c76_cgraph.dot" -Tpng -o "Z:/Electronix/doc/html/kernel_8c_ab2d3e07493013fd0d4a5d15f84527c76_cgraph.png"'
error: Problems running dot: exit code=-1, command='dot', arguments='"Z:/Electronix/doc/html/kernel_8c_a7c80e5cba74a4b6b33813ff506b517ab_cgraph.dot" -Tpng -o "Z:/Electronix/doc/html/kernel_8c_a7c80e5cba74a4b6b33813ff506b517ab_cgraph.png"'
error: Problems running dot: exit code=-1, command='dot', arguments='"Z:/Electronix/doc/html/kernel_8h_a2250bc04b5b91ffa33ebb43cd78d7862_cgraph.dot" -Tpng -o "Z:/Electronix/doc/html/kernel_8h_a2250bc04b5b91ffa33ebb43cd78d7862_cgraph.png"'
error: Problems running dot: exit code=-1, command='dot', arguments='"Z:/Electronix/doc/html/kernel_8h__incl.dot" -Tpng -o "Z:/Electronix/doc/html/kernel_8h__incl.png"'
error: Problems running dot: exit code=-1, command='dot', arguments='"Z:/Electronix/doc/html/kernel_8h__dep__incl.dot" -Tpng -o "Z:/Electronix/doc/html/kernel_8h__dep__incl.png"'
error: Problems running dot: exit code=-1, command='dot', arguments='"Z:/Electronix/doc/html/kernel_8h_a27352a8c81f0f38a3d466b5f43eef351_cgraph.dot" -Tpng -o "Z:/Electronix/doc/html/kernel_8h_a27352a8c81f0f38a3d466b5f43eef351_cgraph.png"'
error: Problems running dot: exit code=-1, command='dot', arguments='"Z:/Electronix/doc/html/kernel_8h_a7c80e5cba74a4b6b33813ff506b517ab_cgraph.dot" -Tpng -o "Z:/Electronix/doc/html/kernel_8h_a7c80e5cba74a4b6b33813ff506b517ab_cgraph.png"'
error: Problems running dot: exit code=-1, command='dot', arguments='"Z:/Electronix/doc/html/kernel_8h_aefe5df88c57d4b9a356721c015cf1fd6_cgraph.dot" -Tpng -o "Z:/Electronix/doc/html/kernel_8h_aefe5df88c57d4b9a356721c015cf1fd6_cgraph.png"'
error: Problems running dot: exit code=-1, command='dot', arguments='"Z:/Electronix/doc/html/kernel_8h_ab2d3e07493013fd0d4a5d15f84527c76_cgraph.dot" -Tpng -o "Z:/Electronix/doc/html/kernel_8h_ab2d3e07493013fd0d4a5d15f84527c76_cgraph.png"'
error: Problems running dot: exit code=-1, command='dot', arguments='"Z:/Electronix/doc/html/layout_loader_8c_abdb7725d2172a065b489d3ad58669532_cgraph.dot" -Tpng -o "Z:/Electronix/doc/html/layout_loader_8c_abdb7725d2172a065b489d3ad58669532_cgraph.png"'
error: Problems running dot: exit code=-1, command='dot', arguments='"Z:/Electronix/doc/html/layout_loader_8c_a9b5ed4652f926f6315fd00cd864ef665_cgraph.dot" -Tpng -o "Z:/Electronix/doc/html/layout_loader_8c_a9b5ed4652f926f6315fd00cd864ef665_cgraph.png"'
error: Problems running dot: exit code=-1, command='dot', arguments='"Z:/Electronix/doc/html/layout_loader_8h__incl.dot" -Tpng -o "Z:/Electronix/doc/html/layout_loader_8h__incl.png"'
error: Problems running dot: exit code=-1, command='dot', arguments='"Z:/Electronix/doc/html/layout_loader_8h__dep__incl.dot" -Tpng -o "Z:/Electronix/doc/html/layout_loader_8h__dep__incl.png"'
error: Problems running dot: exit code=-1, command='dot', arguments='"Z:/Electronix/doc/html/list_helper_8c__incl.dot" -Tpng -o "Z:/Electronix/doc/html/list_helper_8c__incl.png"'
error: Problems running dot: exit code=-1, command='dot', arguments='"Z:/Electronix/doc/html/layout_loader_8h_abdb7725d2172a065b489d3ad58669532_cgraph.dot" -Tpng -o "Z:/Electronix/doc/html/layout_loader_8h_abdb7725d2172a065b489d3ad58669532_cgraph.png"'
error: Problems running dot: exit code=-1, command='dot', arguments='"Z:/Electronix/doc/html/layout_loader_8h_a9b5ed4652f926f6315fd00cd864ef665_cgraph.dot" -Tpng -o "Z:/Electronix/doc/html/layout_loader_8h_a9b5ed4652f926f6315fd00cd864ef665_cgraph.png"'
error: Problems running dot: exit code=-1, command='dot', arguments='"Z:/Electronix/doc/html/layout_loader_8c__incl.dot" -Tpng -o "Z:/Electronix/doc/html/layout_loader_8c__incl.png"'
error: Problems running dot: exit code=-1, command='dot', arguments='"Z:/Electronix/doc/html/list_helper_8c_a6b78618d28f263e078bd1e768ca0389e_cgraph.dot" -Tpng -o "Z:/Electronix/doc/html/list_helper_8c_a6b78618d28f263e078bd1e768ca0389e_cgraph.png"'
error: Problems running dot: exit code=-1, command='dot', arguments='"Z:/Electronix/doc/html/list_helper_8c_aef6a1c2c2de1abc2df4156b5bad5d1ca_cgraph.dot" -Tpng -o "Z:/Electronix/doc/html/list_helper_8c_aef6a1c2c2de1abc2df4156b5bad5d1ca_cgraph.png"'
error: Problems running dot: exit code=-1, command='dot', arguments='"Z:/Electronix/doc/html/list_helper_8c_aed5b7d602616f1215e639c06ac7d2445_cgraph.dot" -Tpng -o "Z:/Electronix/doc/html/list_helper_8c_aed5b7d602616f1215e639c06ac7d2445_cgraph.png"'
error: Problems running dot: exit code=-1, command='dot', arguments='"Z:/Electronix/doc/html/list_helper_8c_af0f01c2dbe574864203f6afb6ff1b14f_cgraph.dot" -Tpng -o "Z:/Electronix/doc/html/list_helper_8c_af0f01c2dbe574864203f6afb6ff1b14f_cgraph.png"'
error: Problems running dot: exit code=-1, command='dot', arguments='"Z:/Electronix/doc/html/list_helper_8h__incl.dot" -Tpng -o "Z:/Electronix/doc/html/list_helper_8h__incl.png"'
error: Problems running dot: exit code=-1, command='dot', arguments='"Z:/Electronix/doc/html/list_helper_8h__dep__incl.dot" -Tpng -o "Z:/Electronix/doc/html/list_helper_8h__dep__incl.png"'
error: Problems running dot: exit code=-1, command='dot', arguments='"Z:/Electronix/doc/html/list_helper_8h_af0f01c2dbe574864203f6afb6ff1b14f_cgraph.dot" -Tpng -o "Z:/Electronix/doc/html/list_helper_8h_af0f01c2dbe574864203f6afb6ff1b14f_cgraph.png"'
error: Problems running dot: exit code=-1, command='dot', arguments='"Z:/Electronix/doc/html/list_helper_8h_aef6a1c2c2de1abc2df4156b5bad5d1ca_cgraph.dot" -Tpng -o "Z:/Electronix/doc/html/list_helper_8h_aef6a1c2c2de1abc2df4156b5bad5d1ca_cgraph.png"'
error: Problems running dot: exit code=-1, command='dot', arguments='"Z:/Electronix/doc/html/main_8c__incl.dot" -Tpng -o "Z:/Electronix/doc/html/main_8c__incl.png"'
error: Problems running dot: exit code=-1, command='dot', arguments='"Z:/Electronix/doc/html/list_helper_8h_aed5b7d602616f1215e639c06ac7d2445_cgraph.dot" -Tpng -o "Z:/Electronix/doc/html/list_helper_8h_aed5b7d602616f1215e639c06ac7d2445_cgraph.png"'
error: Problems running dot: exit code=-1, command='dot', arguments='"Z:/Electronix/doc/html/m_capacitor_8h__incl.dot" -Tpng -o "Z:/Electronix/doc/html/m_capacitor_8h__incl.png"'
error: Problems running dot: exit code=-1, command='dot', arguments='"Z:/Electronix/doc/html/main_8c_a3c04138a5bfe5d72780bb7e82a18e627_cgraph.dot" -Tpng -o "Z:/Electronix/doc/html/main_8c_a3c04138a5bfe5d72780bb7e82a18e627_cgraph.png"'
error: Problems running dot: exit code=-1, command='dot', arguments='"Z:/Electronix/doc/html/m_capacitor_8c__incl.dot" -Tpng -o "Z:/Electronix/doc/html/m_capacitor_8c__incl.png"'
error: Problems running dot: exit code=-1, command='dot', arguments='"Z:/Electronix/doc/html/m_capacitor_8c_ad6b87329c41553badd57b074c42d0c02_cgraph.dot" -Tpng -o "Z:/Electronix/doc/html/m_capacitor_8c_ad6b87329c41553badd57b074c42d0c02_cgraph.png"'
error: Problems running dot: exit code=-1, command='dot', arguments='"Z:/Electronix/doc/html/m_capacitor_8h__dep__incl.dot" -Tpng -o "Z:/Electronix/doc/html/m_capacitor_8h__dep__incl.png"'
error: Problems running dot: exit code=-1, command='dot', arguments='"Z:/Electronix/doc/html/m_generator_8c__incl.dot" -Tpng -o "Z:/Electronix/doc/html/m_generator_8c__incl.png"'
error: Problems running dot: exit code=-1, command='dot', arguments='"Z:/Electronix/doc/html/m_capacitor_8h_ad6b87329c41553badd57b074c42d0c02_cgraph.dot" -Tpng -o "Z:/Electronix/doc/html/m_capacitor_8h_ad6b87329c41553badd57b074c42d0c02_cgraph.png"'
error: Problems running dot: exit code=-1, command='dot', arguments='"Z:/Electronix/doc/html/m_generator_8h__incl.dot" -Tpng -o "Z:/Electronix/doc/html/m_generator_8h__incl.png"'
error: Problems running dot: exit code=-1, command='dot', arguments='"Z:/Electronix/doc/html/m_generator_8c_ab708f4885fb68e80b6ad0776ce952f69_cgraph.dot" -Tpng -o "Z:/Electronix/doc/html/m_generator_8c_ab708f4885fb68e80b6ad0776ce952f69_cgraph.png"'
error: Problems running dot: exit code=-1, command='dot', arguments='"Z:/Electronix/doc/html/m_generator_8h_ab708f4885fb68e80b6ad0776ce952f69_cgraph.dot" -Tpng -o "Z:/Electronix/doc/html/m_generator_8h_ab708f4885fb68e80b6ad0776ce952f69_cgraph.png"'
error: Problems running dot: exit code=-1, command='dot', arguments='"Z:/Electronix/doc/html/module_loader_8c__incl.dot" -Tpng -o "Z:/Electronix/doc/html/module_loader_8c__incl.png"'
error: Problems running dot: exit code=-1, command='dot', arguments='"Z:/Electronix/doc/html/m_generator_8h__dep__incl.dot" -Tpng -o "Z:/Electronix/doc/html/m_generator_8h__dep__incl.png"'
error: Problems running dot: exit code=-1, command='dot', arguments='"Z:/Electronix/doc/html/module_loader_8c_a4e37e3ee4212d562f11bd5ab24b8c27f_cgraph.dot" -Tpng -o "Z:/Electronix/doc/html/module_loader_8c_a4e37e3ee4212d562f11bd5ab24b8c27f_cgraph.png"'
error: Problems running dot: exit code=-1, command='dot', arguments='"Z:/Electronix/doc/html/module_loader_8c_ac3b1aa2f2bd495cd69a452e652ba256f_cgraph.dot" -Tpng -o "Z:/Electronix/doc/html/module_loader_8c_ac3b1aa2f2bd495cd69a452e652ba256f_cgraph.png"'
error: Problems running dot: exit code=-1, command='dot', arguments='"Z:/Electronix/doc/html/module_loader_8c_ab7b95e61e5edfa939bcd79d247a2afa5_cgraph.dot" -Tpng -o "Z:/Electronix/doc/html/module_loader_8c_ab7b95e61e5edfa939bcd79d247a2afa5_cgraph.png"'
error: Problems running dot: exit code=-1, command='dot', arguments='"Z:/Electronix/doc/html/module_loader_8c_a23db3f77d514d8f64e7349086586e3a2_cgraph.dot" -Tpng -o "Z:/Electronix/doc/html/module_loader_8c_a23db3f77d514d8f64e7349086586e3a2_cgraph.png"'
error: Problems running dot: exit code=-1, command='dot', arguments='"Z:/Electronix/doc/html/module_loader_8c_a8ef977f925568fd5dbf6847981e74321_cgraph.dot" -Tpng -o "Z:/Electronix/doc/html/module_loader_8c_a8ef977f925568fd5dbf6847981e74321_cgraph.png"'
error: Problems running dot: exit code=-1, command='dot', arguments='"Z:/Electronix/doc/html/module_loader_8c_a0cb4e1b841f428492b9baab65e8d1acb_cgraph.dot" -Tpng -o "Z:/Electronix/doc/html/module_loader_8c_a0cb4e1b841f428492b9baab65e8d1acb_cgraph.png"'
error: Problems running dot: exit code=-1, command='dot', arguments='"Z:/Electronix/doc/html/module_loader_8c_a73e12b4757f64e53c9420234dce60d43_cgraph.dot" -Tpng -o "Z:/Electronix/doc/html/module_loader_8c_a73e12b4757f64e53c9420234dce60d43_cgraph.png"'
error: Problems running dot: exit code=-1, command='dot', arguments='"Z:/Electronix/doc/html/module_loader_8h__incl.dot" -Tpng -o "Z:/Electronix/doc/html/module_loader_8h__incl.png"'
error: Problems running dot: exit code=-1, command='dot', arguments='"Z:/Electronix/doc/html/module_loader_8h__dep__incl.dot" -Tpng -o "Z:/Electronix/doc/html/module_loader_8h__dep__incl.png"'
error: Problems running dot: exit code=-1, command='dot', arguments='"Z:/Electronix/doc/html/module_loader_8h_a23db3f77d514d8f64e7349086586e3a2_cgraph.dot" -Tpng -o "Z:/Electronix/doc/html/module_loader_8h_a23db3f77d514d8f64e7349086586e3a2_cgraph.png"'
error: Problems running dot: exit code=-1, command='dot', arguments='"Z:/Electronix/doc/html/module_loader_8h_ab7b95e61e5edfa939bcd79d247a2afa5_cgraph.dot" -Tpng -o "Z:/Electronix/doc/html/module_loader_8h_ab7b95e61e5edfa939bcd79d247a2afa5_cgraph.png"'
error: Problems running dot: exit code=-1, command='dot', arguments='"Z:/Electronix/doc/html/module_loader_8h_ac3b1aa2f2bd495cd69a452e652ba256f_cgraph.dot" -Tpng -o "Z:/Electronix/doc/html/module_loader_8h_ac3b1aa2f2bd495cd69a452e652ba256f_cgraph.png"'
error: Problems running dot: exit code=-1, command='dot', arguments='"Z:/Electronix/doc/html/module_loader_8h_a73e12b4757f64e53c9420234dce60d43_cgraph.dot" -Tpng -o "Z:/Electronix/doc/html/module_loader_8h_a73e12b4757f64e53c9420234dce60d43_cgraph.png"'
error: Problems running dot: exit code=-1, command='dot', arguments='"Z:/Electronix/doc/html/module_loader_8h_a4e37e3ee4212d562f11bd5ab24b8c27f_cgraph.dot" -Tpng -o "Z:/Electronix/doc/html/module_loader_8h_a4e37e3ee4212d562f11bd5ab24b8c27f_cgraph.png"'
error: Problems running dot: exit code=-1, command='dot', arguments='"Z:/Electronix/doc/html/modules_8h__incl.dot" -Tpng -o "Z:/Electronix/doc/html/modules_8h__incl.png"'
error: Problems running dot: exit code=-1, command='dot', arguments='"Z:/Electronix/doc/html/module_loader_8h_a0cb4e1b841f428492b9baab65e8d1acb_cgraph.dot" -Tpng -o "Z:/Electronix/doc/html/module_loader_8h_a0cb4e1b841f428492b9baab65e8d1acb_cgraph.png"'
error: Problems running dot: exit code=-1, command='dot', arguments='"Z:/Electronix/doc/html/modules_8c__incl.dot" -Tpng -o "Z:/Electronix/doc/html/modules_8c__incl.png"'
error: Problems running dot: exit code=-1, command='dot', arguments='"Z:/Electronix/doc/html/m_resistor_8c__incl.dot" -Tpng -o "Z:/Electronix/doc/html/m_resistor_8c__incl.png"'
error: Problems running dot: exit code=-1, command='dot', arguments='"Z:/Electronix/doc/html/modules_8h__dep__incl.dot" -Tpng -o "Z:/Electronix/doc/html/modules_8h__dep__incl.png"'
error: Problems running dot: exit code=-1, command='dot', arguments='"Z:/Electronix/doc/html/m_resistor_8c_a23fc8b451a3aca15e5bff60c7814f87e_cgraph.dot" -Tpng -o "Z:/Electronix/doc/html/m_resistor_8c_a23fc8b451a3aca15e5bff60c7814f87e_cgraph.png"'
error: Problems running dot: exit code=-1, command='dot', arguments='"Z:/Electronix/doc/html/m_resistor_8h__incl.dot" -Tpng -o "Z:/Electronix/doc/html/m_resistor_8h__incl.png"'
error: Problems running dot: exit code=-1, command='dot', arguments='"Z:/Electronix/doc/html/m_resistor_8h_a23fc8b451a3aca15e5bff60c7814f87e_cgraph.dot" -Tpng -o "Z:/Electronix/doc/html/m_resistor_8h_a23fc8b451a3aca15e5bff60c7814f87e_cgraph.png"'
error: Problems running dot: exit code=-1, command='dot', arguments='"Z:/Electronix/doc/html/m_resistor_8h__dep__incl.dot" -Tpng -o "Z:/Electronix/doc/html/m_resistor_8h__dep__incl.png"'
error: Problems running dot: exit code=-1, command='dot', arguments='"Z:/Electronix/doc/html/m_wires_8h__incl.dot" -Tpng -o "Z:/Electronix/doc/html/m_wires_8h__incl.png"'
error: Problems running dot: exit code=-1, command='dot', arguments='"Z:/Electronix/doc/html/ressources_8c__incl.dot" -Tpng -o "Z:/Electronix/doc/html/ressources_8c__incl.png"'
error: Problems running dot: exit code=-1, command='dot', arguments='"Z:/Electronix/doc/html/m_wires_8c__incl.dot" -Tpng -o "Z:/Electronix/doc/html/m_wires_8c__incl.png"'
error: Problems running dot: exit code=-1, command='dot', arguments='"Z:/Electronix/doc/html/ressources_8c_a5f46ac5be9c41745acdb69375ff8679a_cgraph.dot" -Tpng -o "Z:/Electronix/doc/html/ressources_8c_a5f46ac5be9c41745acdb69375ff8679a_cgraph.png"'
error: Problems running dot: exit code=-1, command='dot', arguments='"Z:/Electronix/doc/html/m_wires_8h__dep__incl.dot" -Tpng -o "Z:/Electronix/doc/html/m_wires_8h__dep__incl.png"'
error: Problems running dot: exit code=-1, command='dot', arguments='"Z:/Electronix/doc/html/saveload_8c__incl.dot" -Tpng -o "Z:/Electronix/doc/html/saveload_8c__incl.png"'
error: Problems running dot: exit code=-1, command='dot', arguments='"Z:/Electronix/doc/html/ressources_8h__incl.dot" -Tpng -o "Z:/Electronix/doc/html/ressources_8h__incl.png"'
error: Problems running dot: exit code=-1, command='dot', arguments='"Z:/Electronix/doc/html/ressources_8c_a6815b293634bf4b67a5fbfddd8a10468_cgraph.dot" -Tpng -o "Z:/Electronix/doc/html/ressources_8c_a6815b293634bf4b67a5fbfddd8a10468_cgraph.png"'
error: Problems running dot: exit code=-1, command='dot', arguments='"Z:/Electronix/doc/html/ressources_8h__dep__incl.dot" -Tpng -o "Z:/Electronix/doc/html/ressources_8h__dep__incl.png"'
error: Problems running dot: exit code=-1, command='dot', arguments='"Z:/Electronix/doc/html/saveload_8c_a75ea2cf72c85e243ae187bcbc8d166e9_cgraph.dot" -Tpng -o "Z:/Electronix/doc/html/saveload_8c_a75ea2cf72c85e243ae187bcbc8d166e9_cgraph.png"'
error: Problems running dot: exit code=-1, command='dot', arguments='"Z:/Electronix/doc/html/saveload_8c_aa828efb8d6104df27f1589f7827b8ea2_cgraph.dot" -Tpng -o "Z:/Electronix/doc/html/saveload_8c_aa828efb8d6104df27f1589f7827b8ea2_cgraph.png"'
error: Problems running dot: exit code=-1, command='dot', arguments='"Z:/Electronix/doc/html/saveload_8h__incl.dot" -Tpng -o "Z:/Electronix/doc/html/saveload_8h__incl.png"'
error: Problems running dot: exit code=-1, command='dot', arguments='"Z:/Electronix/doc/html/saveload_8c_ad95745577539bb4e4566da893141d04d_cgraph.dot" -Tpng -o "Z:/Electronix/doc/html/saveload_8c_ad95745577539bb4e4566da893141d04d_cgraph.png"'
error: Problems running dot: exit code=-1, command='dot', arguments='"Z:/Electronix/doc/html/saveload_8h__dep__incl.dot" -Tpng -o "Z:/Electronix/doc/html/saveload_8h__dep__incl.png"'
error: Problems running dot: exit code=-1, command='dot', arguments='"Z:/Electronix/doc/html/saveload_8h_a75ea2cf72c85e243ae187bcbc8d166e9_cgraph.dot" -Tpng -o "Z:/Electronix/doc/html/saveload_8h_a75ea2cf72c85e243ae187bcbc8d166e9_cgraph.png"'
error: Problems running dot: exit code=-1, command='dot', arguments='"Z:/Electronix/doc/html/saveload_8h_ad95745577539bb4e4566da893141d04d_cgraph.dot" -Tpng -o "Z:/Electronix/doc/html/saveload_8h_ad95745577539bb4e4566da893141d04d_cgraph.png"'
error: Problems running dot: exit code=-1, command='dot', arguments='"Z:/Electronix/doc/html/saveload_8h_aa828efb8d6104df27f1589f7827b8ea2_cgraph.dot" -Tpng -o "Z:/Electronix/doc/html/saveload_8h_aa828efb8d6104df27f1589f7827b8ea2_cgraph.png"'
error: Problems running dot: exit code=-1, command='dot', arguments='"Z:/Electronix/doc/html/surfaces_manager_8c__incl.dot" -Tpng -o "Z:/Electronix/doc/html/surfaces_manager_8c__incl.png"'
error: Problems running dot: exit code=-1, command='dot', arguments='"Z:/Electronix/doc/html/surfaces_manager_8h__incl.dot" -Tpng -o "Z:/Electronix/doc/html/surfaces_manager_8h__incl.png"'
error: Problems running dot: exit code=-1, command='dot', arguments='"Z:/Electronix/doc/html/surfaces_manager_8h__dep__incl.dot" -Tpng -o "Z:/Electronix/doc/html/surfaces_manager_8h__dep__incl.png"'
error: Problems running dot: exit code=-1, command='dot', arguments='"Z:/Electronix/doc/html/textures_manager_8h__incl.dot" -Tpng -o "Z:/Electronix/doc/html/textures_manager_8h__incl.png"'
error: Problems running dot: exit code=-1, command='dot', arguments='"Z:/Electronix/doc/html/textures_manager_8c__incl.dot" -Tpng -o "Z:/Electronix/doc/html/textures_manager_8c__incl.png"'
error: Problems running dot: exit code=-1, command='dot', arguments='"Z:/Electronix/doc/html/ui_event_8c__incl.dot" -Tpng -o "Z:/Electronix/doc/html/ui_event_8c__incl.png"'
error: Problems running dot: exit code=-1, command='dot', arguments='"Z:/Electronix/doc/html/textures_manager_8h__dep__incl.dot" -Tpng -o "Z:/Electronix/doc/html/textures_manager_8h__dep__incl.png"'
error: Problems running dot: exit code=-1, command='dot', arguments='"Z:/Electronix/doc/html/ui_manager_8h__incl.dot" -Tpng -o "Z:/Electronix/doc/html/ui_manager_8h__incl.png"'
error: Problems running dot: exit code=-1, command='dot', arguments='"Z:/Electronix/doc/html/ui_event_8h__incl.dot" -Tpng -o "Z:/Electronix/doc/html/ui_event_8h__incl.png"'
error: Problems running dot: exit code=-1, command='dot', arguments='"Z:/Electronix/doc/html/ui_event_8h__dep__incl.dot" -Tpng -o "Z:/Electronix/doc/html/ui_event_8h__dep__incl.png"'
error: Problems running dot: exit code=-1, command='dot', arguments='"Z:/Electronix/doc/html/ui_manager_8c__incl.dot" -Tpng -o "Z:/Electronix/doc/html/ui_manager_8c__incl.png"'
error: Problems running dot: exit code=-1, command='dot', arguments='"Z:/Electronix/doc/html/struct_grid___manager__coll__graph.dot" -Tpng -o "Z:/Electronix/doc/html/struct_grid___manager__coll__graph.png"'
error: Problems running dot: exit code=-1, command='dot', arguments='"Z:/Electronix/doc/html/graph_legend.dot" -Tpng -o "Z:/Electronix/doc/html/graph_legend.png"'
error: Problems running dot: exit code=-1, command='dot', arguments='"Z:/Electronix/doc/html/ui_manager_8h__dep__incl.dot" -Tpng -o "Z:/Electronix/doc/html/ui_manager_8h__dep__incl.png"'
error: Problems running dot: exit code=-1, command='dot', arguments='"Z:/Electronix/doc/html/struct_item_component__coll__graph.dot" -Tpng -o "Z:/Electronix/doc/html/struct_item_component__coll__graph.png"'
error: Problems running dot: exit code=-1, command='dot', arguments='"Z:/Electronix/doc/html/dir_2226e7cee458e944ce416b5f99af0923_dep.dot" -Tpng -o "Z:/Electronix/doc/html/dir_2226e7cee458e944ce416b5f99af0923_dep.png"'
error: Problems running dot: exit code=-1, command='dot', arguments='"Z:/Electronix/doc/html/dir_ddb4d7e95cc2d6c8e1ade10a20d7247d_dep.dot" -Tpng -o "Z:/Electronix/doc/html/dir_ddb4d7e95cc2d6c8e1ade10a20d7247d_dep.png"'
error: Problems running dot: exit code=-1, command='dot', arguments='"Z:/Electronix/doc/html/dir_68267d1309a1af8e8297ef4c3efbcdba_dep.dot" -Tpng -o "Z:/Electronix/doc/html/dir_68267d1309a1af8e8297ef4c3efbcdba_dep.png"'
error: Problems running dot: exit code=-1, command='dot', arguments='"Z:/Electronix/doc/html/dir_3367554fba2c52f1c04b4bdcbbcfa03d_dep.dot" -Tpng -o "Z:/Electronix/doc/html/dir_3367554fba2c52f1c04b4bdcbbcfa03d_dep.png"'
error: Problems running dot: exit code=-1, command='dot', arguments='"Z:/Electronix/doc/html/dir_313caf1132e152dd9b58bea13a4052ca_dep.dot" -Tpng -o "Z:/Electronix/doc/html/dir_313caf1132e152dd9b58bea13a4052ca_dep.png"'
error: problems opening map file Z:/Electronix/doc/html/audio_8c__incl.map for inclusion in the docs!
If you installed Graphviz/dot after a previous failing run, 
try deleting the output directory and rerun doxygen.
error: problems opening map file Z:/Electronix/doc/html/audio_8h__incl.map for inclusion in the docs!
If you installed Graphviz/dot after a previous failing run, 
try deleting the output directory and rerun doxygen.
error: problems opening map file Z:/Electronix/doc/html/audio_8h__dep__incl.map for inclusion in the docs!
If you installed Graphviz/dot after a previous failing run, 
try deleting the output directory and rerun doxygen.
error: problems opening map file Z:/Electronix/doc/html/bipole_8c__incl.map for inclusion in the docs!
If you installed Graphviz/dot after a previous failing run, 
try deleting the output directory and rerun doxygen.
error: problems opening map file Z:/Electronix/doc/html/bipole_8h__incl.map for inclusion in the docs!
If you installed Graphviz/dot after a previous failing run, 
try deleting the output directory and rerun doxygen.
error: problems opening map file Z:/Electronix/doc/html/bipole_8h__dep__incl.map for inclusion in the docs!
If you installed Graphviz/dot after a previous failing run, 
try deleting the output directory and rerun doxygen.
error: problems opening map file Z:/Electronix/doc/html/commons__datas_8c__incl.map for inclusion in the docs!
If you installed Graphviz/dot after a previous failing run, 
try deleting the output directory and rerun doxygen.
error: problems opening map file Z:/Electronix/doc/html/commons__datas_8h__incl.map for inclusion in the docs!
If you installed Graphviz/dot after a previous failing run, 
try deleting the output directory and rerun doxygen.
error: problems opening map file Z:/Electronix/doc/html/commons__datas_8h__dep__incl.map for inclusion in the docs!
If you installed Graphviz/dot after a previous failing run, 
try deleting the output directory and rerun doxygen.
error: problems opening map file Z:/Electronix/doc/html/config_8c__incl.map for inclusion in the docs!
If you installed Graphviz/dot after a previous failing run, 
try deleting the output directory and rerun doxygen.
error: problems opening map file Z:/Electronix/doc/html/config_8c_a2c86d862cc39794abd30b4eff33cdbd6_cgraph.map for inclusion in the docs!
If you installed Graphviz/dot after a previous failing run, 
try deleting the output directory and rerun doxygen.
error: problems opening map file Z:/Electronix/doc/html/config_8c_a1f429b3819a39345a9a7924dec4509fc_cgraph.map for inclusion in the docs!
If you installed Graphviz/dot after a previous failing run, 
try deleting the output directory and rerun doxygen.
error: problems opening map file Z:/Electronix/doc/html/config_8h__incl.map for inclusion in the docs!
If you installed Graphviz/dot after a previous failing run, 
try deleting the output directory and rerun doxygen.
error: problems opening map file Z:/Electronix/doc/html/config_8h__dep__incl.map for inclusion in the docs!
If you installed Graphviz/dot after a previous failing run, 
try deleting the output directory and rerun doxygen.
error: problems opening map file Z:/Electronix/doc/html/config_8h_a2c86d862cc39794abd30b4eff33cdbd6_cgraph.map for inclusion in the docs!
If you installed Graphviz/dot after a previous failing run, 
try deleting the output directory and rerun doxygen.
error: problems opening map file Z:/Electronix/doc/html/grid_helper_8c__incl.map for inclusion in the docs!
If you installed Graphviz/dot after a previous failing run, 
try deleting the output directory and rerun doxygen.
error: problems opening map file Z:/Electronix/doc/html/grid_helper_8c_af84f19ac14692ee105794f225697b3a6_cgraph.map for inclusion in the docs!
If you installed Graphviz/dot after a previous failing run, 
try deleting the output directory and rerun doxygen.
error: problems opening map file Z:/Electronix/doc/html/grid_helper_8h__incl.map for inclusion in the docs!
If you installed Graphviz/dot after a previous failing run, 
try deleting the output directory and rerun doxygen.
error: problems opening map file Z:/Electronix/doc/html/grid_helper_8h__dep__incl.map for inclusion in the docs!
If you installed Graphviz/dot after a previous failing run, 
try deleting the output directory and rerun doxygen.
error: problems opening map file Z:/Electronix/doc/html/grid_manager_8c__incl.map for inclusion in the docs!
If you installed Graphviz/dot after a previous failing run, 
try deleting the output directory and rerun doxygen.
error: problems opening map file Z:/Electronix/doc/html/grid_manager_8h__incl.map for inclusion in the docs!
If you installed Graphviz/dot after a previous failing run, 
try deleting the output directory and rerun doxygen.
error: problems opening map file Z:/Electronix/doc/html/grid_manager_8h__dep__incl.map for inclusion in the docs!
If you installed Graphviz/dot after a previous failing run, 
try deleting the output directory and rerun doxygen.
error: problems opening map file Z:/Electronix/doc/html/i_conception_8c__incl.map for inclusion in the docs!
If you installed Graphviz/dot after a previous failing run, 
try deleting the output directory and rerun doxygen.
error: problems opening map file Z:/Electronix/doc/html/i_conception_8c_a810a0df84ed0c648fbea93851ff097c3_cgraph.map for inclusion in the docs!
If you installed Graphviz/dot after a previous failing run, 
try deleting the output directory and rerun doxygen.
error: problems opening map file Z:/Electronix/doc/html/i_conception_8c_a1564c33ae3fe41e9e96beb1ec267d70c_cgraph.map for inclusion in the docs!
If you installed Graphviz/dot after a previous failing run, 
try deleting the output directory and rerun doxygen.
error: problems opening map file Z:/Electronix/doc/html/i_conception_8c_a8713d72a668edc16683a13d2f646b748_cgraph.map for inclusion in the docs!
If you installed Graphviz/dot after a previous failing run, 
try deleting the output directory and rerun doxygen.
error: problems opening map file Z:/Electronix/doc/html/i_conception_8c_ace1ee3098ee44fcff156544706487ef9_cgraph.map for inclusion in the docs!
If you installed Graphviz/dot after a previous failing run, 
try deleting the output directory and rerun doxygen.
error: problems opening map file Z:/Electronix/doc/html/i_conception_8c_a8a61fc4ff74ae92c3026f4b0ab516c4d_cgraph.map for inclusion in the docs!
If you installed Graphviz/dot after a previous failing run, 
try deleting the output directory and rerun doxygen.
error: problems opening map file Z:/Electronix/doc/html/i_conception_8c_a84f2f2ae6a9e9177252d77344ad4fc2c_cgraph.map for inclusion in the docs!
If you installed Graphviz/dot after a previous failing run, 
try deleting the output directory and rerun doxygen.
error: problems opening map file Z:/Electronix/doc/html/i_conception_8c_a435ac4db9388483f471b380164ed1d9a_cgraph.map for inclusion in the docs!
If you installed Graphviz/dot after a previous failing run, 
try deleting the output directory and rerun doxygen.
error: problems opening map file Z:/Electronix/doc/html/i_conception_8h__incl.map for inclusion in the docs!
If you installed Graphviz/dot after a previous failing run, 
try deleting the output directory and rerun doxygen.
error: problems opening map file Z:/Electronix/doc/html/i_conception_8h__dep__incl.map for inclusion in the docs!
If you installed Graphviz/dot after a previous failing run, 
try deleting the output directory and rerun doxygen.
error: problems opening map file Z:/Electronix/doc/html/i_conception_8h_a0efc60d3be04b387da94a5e6a5df745d_cgraph.map for inclusion in the docs!
If you installed Graphviz/dot after a previous failing run, 
try deleting the output directory and rerun doxygen.
error: problems opening map file Z:/Electronix/doc/html/i_conception_8h_a1564c33ae3fe41e9e96beb1ec267d70c_cgraph.map for inclusion in the docs!
If you installed Graphviz/dot after a previous failing run, 
try deleting the output directory and rerun doxygen.
error: problems opening map file Z:/Electronix/doc/html/i_conception_8h_a6e9b130055f4a226593768ccfdb340d8_cgraph.map for inclusion in the docs!
If you installed Graphviz/dot after a previous failing run, 
try deleting the output directory and rerun doxygen.
error: problems opening map file Z:/Electronix/doc/html/i_conception_8h_ace1ee3098ee44fcff156544706487ef9_cgraph.map for inclusion in the docs!
If you installed Graphviz/dot after a previous failing run, 
try deleting the output directory and rerun doxygen.
error: problems opening map file Z:/Electronix/doc/html/i_conception_8h_a8a61fc4ff74ae92c3026f4b0ab516c4d_cgraph.map for inclusion in the docs!
If you installed Graphviz/dot after a previous failing run, 
try deleting the output directory and rerun doxygen.
error: problems opening map file Z:/Electronix/doc/html/i_conception_8h_a84f2f2ae6a9e9177252d77344ad4fc2c_cgraph.map for inclusion in the docs!
If you installed Graphviz/dot after a previous failing run, 
try deleting the output directory and rerun doxygen.
error: problems opening map file Z:/Electronix/doc/html/i_conception_8h_a435ac4db9388483f471b380164ed1d9a_cgraph.map for inclusion in the docs!
If you installed Graphviz/dot after a previous failing run, 
try deleting the output directory and rerun doxygen.
error: problems opening map file Z:/Electronix/doc/html/i_file_manager_8c__incl.map for inclusion in the docs!
If you installed Graphviz/dot after a previous failing run, 
try deleting the output directory and rerun doxygen.
error: problems opening map file Z:/Electronix/doc/html/i_file_manager_8c_a16574107813fc1acea73309c73a6000c_cgraph.map for inclusion in the docs!
If you installed Graphviz/dot after a previous failing run, 
try deleting the output directory and rerun doxygen.
error: problems opening map file Z:/Electronix/doc/html/i_file_manager_8c_a69ddd5fbe2879c4d3c621965513be509_cgraph.map for inclusion in the docs!
If you installed Graphviz/dot after a previous failing run, 
try deleting the output directory and rerun doxygen.
error: problems opening map file Z:/Electronix/doc/html/i_file_manager_8c_a7b45861344c389fb5cd7ab3bdaaac163_cgraph.map for inclusion in the docs!
If you installed Graphviz/dot after a previous failing run, 
try deleting the output directory and rerun doxygen.
error: problems opening map file Z:/Electronix/doc/html/i_file_manager_8h__incl.map for inclusion in the docs!
If you installed Graphviz/dot after a previous failing run, 
try deleting the output directory and rerun doxygen.
error: problems opening map file Z:/Electronix/doc/html/i_file_manager_8h__dep__incl.map for inclusion in the docs!
If you installed Graphviz/dot after a previous failing run, 
try deleting the output directory and rerun doxygen.
error: problems opening map file Z:/Electronix/doc/html/i_file_manager_8h_a3d2ccc85006bc72a11b6e045c470ac24_cgraph.map for inclusion in the docs!
If you installed Graphviz/dot after a previous failing run, 
try deleting the output directory and rerun doxygen.
error: problems opening map file Z:/Electronix/doc/html/i_file_manager_8h_a69ddd5fbe2879c4d3c621965513be509_cgraph.map for inclusion in the docs!
If you installed Graphviz/dot after a previous failing run, 
try deleting the output directory and rerun doxygen.
error: problems opening map file Z:/Electronix/doc/html/i_file_manager_8h_a322a8fa08f3980e1d47133a2accb2130_cgraph.map for inclusion in the docs!
If you installed Graphviz/dot after a previous failing run, 
try deleting the output directory and rerun doxygen.
error: problems opening map file Z:/Electronix/doc/html/i_level_8c__incl.map for inclusion in the docs!
If you installed Graphviz/dot after a previous failing run, 
try deleting the output directory and rerun doxygen.
error: problems opening map file Z:/Electronix/doc/html/i_level_8c_ab8f8c7f3e8b841274746187613a5eb14_cgraph.map for inclusion in the docs!
If you installed Graphviz/dot after a previous failing run, 
try deleting the output directory and rerun doxygen.
error: problems opening map file Z:/Electronix/doc/html/i_level_8c_a724125aedba7691500edefe87a30bf9c_cgraph.map for inclusion in the docs!
If you installed Graphviz/dot after a previous failing run, 
try deleting the output directory and rerun doxygen.
error: problems opening map file Z:/Electronix/doc/html/i_level_8c_a66fecb58be837baa006a0db2da691e68_cgraph.map for inclusion in the docs!
If you installed Graphviz/dot after a previous failing run, 
try deleting the output directory and rerun doxygen.
error: problems opening map file Z:/Electronix/doc/html/i_level_8h__incl.map for inclusion in the docs!
If you installed Graphviz/dot after a previous failing run, 
try deleting the output directory and rerun doxygen.
error: problems opening map file Z:/Electronix/doc/html/i_level_8h__dep__incl.map for inclusion in the docs!
If you installed Graphviz/dot after a previous failing run, 
try deleting the output directory and rerun doxygen.
error: problems opening map file Z:/Electronix/doc/html/i_level_8h_a7671cb53210f09075bd23779cbe6abe2_cgraph.map for inclusion in the docs!
If you installed Graphviz/dot after a previous failing run, 
try deleting the output directory and rerun doxygen.
error: problems opening map file Z:/Electronix/doc/html/i_level_8h_a7bc2ea82fc31238bf6e439cc5e3a8925_cgraph.map for inclusion in the docs!
If you installed Graphviz/dot after a previous failing run, 
try deleting the output directory and rerun doxygen.
error: problems opening map file Z:/Electronix/doc/html/i_level_8h_a66fecb58be837baa006a0db2da691e68_cgraph.map for inclusion in the docs!
If you installed Graphviz/dot after a previous failing run, 
try deleting the output directory and rerun doxygen.
error: problems opening map file Z:/Electronix/doc/html/i_menu_8c__incl.map for inclusion in the docs!
If you installed Graphviz/dot after a previous failing run, 
try deleting the output directory and rerun doxygen.
error: problems opening map file Z:/Electronix/doc/html/i_menu_8c_aa8142218663330ead3358c75506cadde_cgraph.map for inclusion in the docs!
If you installed Graphviz/dot after a previous failing run, 
try deleting the output directory and rerun doxygen.
error: problems opening map file Z:/Electronix/doc/html/i_menu_8c_a032326a2bdb55ff1987d485d49b495d5_cgraph.map for inclusion in the docs!
If you installed Graphviz/dot after a previous failing run, 
try deleting the output directory and rerun doxygen.
error: problems opening map file Z:/Electronix/doc/html/i_menu_8c_a3da60bd687ad2c5659c9992482ea8e44_cgraph.map for inclusion in the docs!
If you installed Graphviz/dot after a previous failing run, 
try deleting the output directory and rerun doxygen.
error: problems opening map file Z:/Electronix/doc/html/i_menu_8h__incl.map for inclusion in the docs!
If you installed Graphviz/dot after a previous failing run, 
try deleting the output directory and rerun doxygen.
error: problems opening map file Z:/Electronix/doc/html/i_menu_8h__dep__incl.map for inclusion in the docs!
If you installed Graphviz/dot after a previous failing run, 
try deleting the output directory and rerun doxygen.
error: problems opening map file Z:/Electronix/doc/html/i_menu_8h_a546546b61fc8e75b1caa83941f1282ce_cgraph.map for inclusion in the docs!
If you installed Graphviz/dot after a previous failing run, 
try deleting the output directory and rerun doxygen.
error: problems opening map file Z:/Electronix/doc/html/i_menu_8h_a46a9351459e8c1009eb7e958369ab08d_cgraph.map for inclusion in the docs!
If you installed Graphviz/dot after a previous failing run, 
try deleting the output directory and rerun doxygen.
error: problems opening map file Z:/Electronix/doc/html/i_menu_8h_a3da60bd687ad2c5659c9992482ea8e44_cgraph.map for inclusion in the docs!
If you installed Graphviz/dot after a previous failing run, 
try deleting the output directory and rerun doxygen.
error: problems opening map file Z:/Electronix/doc/html/kernel_8c__incl.map for inclusion in the docs!
If you installed Graphviz/dot after a previous failing run, 
try deleting the output directory and rerun doxygen.
error: problems opening map file Z:/Electronix/doc/html/kernel_8c_a2250bc04b5b91ffa33ebb43cd78d7862_cgraph.map for inclusion in the docs!
If you installed Graphviz/dot after a previous failing run, 
try deleting the output directory and rerun doxygen.
error: problems opening map file Z:/Electronix/doc/html/kernel_8c_a27352a8c81f0f38a3d466b5f43eef351_cgraph.map for inclusion in the docs!
If you installed Graphviz/dot after a previous failing run, 
try deleting the output directory and rerun doxygen.
error: problems opening map file Z:/Electronix/doc/html/kernel_8c_ab2d3e07493013fd0d4a5d15f84527c76_cgraph.map for inclusion in the docs!
If you installed Graphviz/dot after a previous failing run, 
try deleting the output directory and rerun doxygen.
error: problems opening map file Z:/Electronix/doc/html/kernel_8c_aefe5df88c57d4b9a356721c015cf1fd6_cgraph.map for inclusion in the docs!
If you installed Graphviz/dot after a previous failing run, 
try deleting the output directory and rerun doxygen.
error: problems opening map file Z:/Electronix/doc/html/kernel_8c_a7c80e5cba74a4b6b33813ff506b517ab_cgraph.map for inclusion in the docs!
If you installed Graphviz/dot after a previous failing run, 
try deleting the output directory and rerun doxygen.
error: problems opening map file Z:/Electronix/doc/html/kernel_8h__incl.map for inclusion in the docs!
If you installed Graphviz/dot after a previous failing run, 
try deleting the output directory and rerun doxygen.
error: problems opening map file Z:/Electronix/doc/html/kernel_8h__dep__incl.map for inclusion in the docs!
If you installed Graphviz/dot after a previous failing run, 
try deleting the output directory and rerun doxygen.
error: problems opening map file Z:/Electronix/doc/html/kernel_8h_a2250bc04b5b91ffa33ebb43cd78d7862_cgraph.map for inclusion in the docs!
If you installed Graphviz/dot after a previous failing run, 
try deleting the output directory and rerun doxygen.
error: problems opening map file Z:/Electronix/doc/html/kernel_8h_a27352a8c81f0f38a3d466b5f43eef351_cgraph.map for inclusion in the docs!
If you installed Graphviz/dot after a previous failing run, 
try deleting the output directory and rerun doxygen.
error: problems opening map file Z:/Electronix/doc/html/kernel_8h_ab2d3e07493013fd0d4a5d15f84527c76_cgraph.map for inclusion in the docs!
If you installed Graphviz/dot after a previous failing run, 
try deleting the output directory and rerun doxygen.
error: problems opening map file Z:/Electronix/doc/html/kernel_8h_aefe5df88c57d4b9a356721c015cf1fd6_cgraph.map for inclusion in the docs!
If you installed Graphviz/dot after a previous failing run, 
try deleting the output directory and rerun doxygen.
error: problems opening map file Z:/Electronix/doc/html/kernel_8h_a7c80e5cba74a4b6b33813ff506b517ab_cgraph.map for inclusion in the docs!
If you installed Graphviz/dot after a previous failing run, 
try deleting the output directory and rerun doxygen.
error: problems opening map file Z:/Electronix/doc/html/layout_loader_8c__incl.map for inclusion in the docs!
If you installed Graphviz/dot after a previous failing run, 
try deleting the output directory and rerun doxygen.
error: problems opening map file Z:/Electronix/doc/html/layout_loader_8c_a9b5ed4652f926f6315fd00cd864ef665_cgraph.map for inclusion in the docs!
If you installed Graphviz/dot after a previous failing run, 
try deleting the output directory and rerun doxygen.
error: problems opening map file Z:/Electronix/doc/html/layout_loader_8c_abdb7725d2172a065b489d3ad58669532_cgraph.map for inclusion in the docs!
If you installed Graphviz/dot after a previous failing run, 
try deleting the output directory and rerun doxygen.
error: problems opening map file Z:/Electronix/doc/html/layout_loader_8h__incl.map for inclusion in the docs!
If you installed Graphviz/dot after a previous failing run, 
try deleting the output directory and rerun doxygen.
error: problems opening map file Z:/Electronix/doc/html/layout_loader_8h__dep__incl.map for inclusion in the docs!
If you installed Graphviz/dot after a previous failing run, 
try deleting the output directory and rerun doxygen.
error: problems opening map file Z:/Electronix/doc/html/layout_loader_8h_a9b5ed4652f926f6315fd00cd864ef665_cgraph.map for inclusion in the docs!
If you installed Graphviz/dot after a previous failing run, 
try deleting the output directory and rerun doxygen.
error: problems opening map file Z:/Electronix/doc/html/layout_loader_8h_abdb7725d2172a065b489d3ad58669532_cgraph.map for inclusion in the docs!
If you installed Graphviz/dot after a previous failing run, 
try deleting the output directory and rerun doxygen.
error: problems opening map file Z:/Electronix/doc/html/list_helper_8c__incl.map for inclusion in the docs!
If you installed Graphviz/dot after a previous failing run, 
try deleting the output directory and rerun doxygen.
error: problems opening map file Z:/Electronix/doc/html/list_helper_8c_a6b78618d28f263e078bd1e768ca0389e_cgraph.map for inclusion in the docs!
If you installed Graphviz/dot after a previous failing run, 
try deleting the output directory and rerun doxygen.
error: problems opening map file Z:/Electronix/doc/html/list_helper_8c_af0f01c2dbe574864203f6afb6ff1b14f_cgraph.map for inclusion in the docs!
If you installed Graphviz/dot after a previous failing run, 
try deleting the output directory and rerun doxygen.
error: problems opening map file Z:/Electronix/doc/html/list_helper_8c_aed5b7d602616f1215e639c06ac7d2445_cgraph.map for inclusion in the docs!
If you installed Graphviz/dot after a previous failing run, 
try deleting the output directory and rerun doxygen.
error: problems opening map file Z:/Electronix/doc/html/list_helper_8c_aef6a1c2c2de1abc2df4156b5bad5d1ca_cgraph.map for inclusion in the docs!
If you installed Graphviz/dot after a previous failing run, 
try deleting the output directory and rerun doxygen.
error: problems opening map file Z:/Electronix/doc/html/list_helper_8h__incl.map for inclusion in the docs!
If you installed Graphviz/dot after a previous failing run, 
try deleting the output directory and rerun doxygen.
error: problems opening map file Z:/Electronix/doc/html/list_helper_8h__dep__incl.map for inclusion in the docs!
If you installed Graphviz/dot after a previous failing run, 
try deleting the output directory and rerun doxygen.
error: problems opening map file Z:/Electronix/doc/html/list_helper_8h_af0f01c2dbe574864203f6afb6ff1b14f_cgraph.map for inclusion in the docs!
If you installed Graphviz/dot after a previous failing run, 
try deleting the output directory and rerun doxygen.
error: problems opening map file Z:/Electronix/doc/html/list_helper_8h_aed5b7d602616f1215e639c06ac7d2445_cgraph.map for inclusion in the docs!
If you installed Graphviz/dot after a previous failing run, 
try deleting the output directory and rerun doxygen.
error: problems opening map file Z:/Electronix/doc/html/list_helper_8h_aef6a1c2c2de1abc2df4156b5bad5d1ca_cgraph.map for inclusion in the docs!
If you installed Graphviz/dot after a previous failing run, 
try deleting the output directory and rerun doxygen.
error: problems opening map file Z:/Electronix/doc/html/main_8c__incl.map for inclusion in the docs!
If you installed Graphviz/dot after a previous failing run, 
try deleting the output directory and rerun doxygen.
error: problems opening map file Z:/Electronix/doc/html/main_8c_a3c04138a5bfe5d72780bb7e82a18e627_cgraph.map for inclusion in the docs!
If you installed Graphviz/dot after a previous failing run, 
try deleting the output directory and rerun doxygen.
error: problems opening map file Z:/Electronix/doc/html/m_capacitor_8c__incl.map for inclusion in the docs!
If you installed Graphviz/dot after a previous failing run, 
try deleting the output directory and rerun doxygen.
error: problems opening map file Z:/Electronix/doc/html/m_capacitor_8c_ad6b87329c41553badd57b074c42d0c02_cgraph.map for inclusion in the docs!
If you installed Graphviz/dot after a previous failing run, 
try deleting the output directory and rerun doxygen.
error: problems opening map file Z:/Electronix/doc/html/m_capacitor_8h__incl.map for inclusion in the docs!
If you installed Graphviz/dot after a previous failing run, 
try deleting the output directory and rerun doxygen.
error: problems opening map file Z:/Electronix/doc/html/m_capacitor_8h__dep__incl.map for inclusion in the docs!
If you installed Graphviz/dot after a previous failing run, 
try deleting the output directory and rerun doxygen.
error: problems opening map file Z:/Electronix/doc/html/m_capacitor_8h_ad6b87329c41553badd57b074c42d0c02_cgraph.map for inclusion in the docs!
If you installed Graphviz/dot after a previous failing run, 
try deleting the output directory and rerun doxygen.
error: problems opening map file Z:/Electronix/doc/html/m_generator_8c__incl.map for inclusion in the docs!
If you installed Graphviz/dot after a previous failing run, 
try deleting the output directory and rerun doxygen.
error: problems opening map file Z:/Electronix/doc/html/m_generator_8c_ab708f4885fb68e80b6ad0776ce952f69_cgraph.map for inclusion in the docs!
If you installed Graphviz/dot after a previous failing run, 
try deleting the output directory and rerun doxygen.
error: problems opening map file Z:/Electronix/doc/html/m_generator_8h__incl.map for inclusion in the docs!
If you installed Graphviz/dot after a previous failing run, 
try deleting the output directory and rerun doxygen.
error: problems opening map file Z:/Electronix/doc/html/m_generator_8h__dep__incl.map for inclusion in the docs!
If you installed Graphviz/dot after a previous failing run, 
try deleting the output directory and rerun doxygen.
error: problems opening map file Z:/Electronix/doc/html/m_generator_8h_ab708f4885fb68e80b6ad0776ce952f69_cgraph.map for inclusion in the docs!
If you installed Graphviz/dot after a previous failing run, 
try deleting the output directory and rerun doxygen.
error: problems opening map file Z:/Electronix/doc/html/module_loader_8c__incl.map for inclusion in the docs!
If you installed Graphviz/dot after a previous failing run, 
try deleting the output directory and rerun doxygen.
error: problems opening map file Z:/Electronix/doc/html/module_loader_8c_a23db3f77d514d8f64e7349086586e3a2_cgraph.map for inclusion in the docs!
If you installed Graphviz/dot after a previous failing run, 
try deleting the output directory and rerun doxygen.
error: problems opening map file Z:/Electronix/doc/html/module_loader_8c_a4e37e3ee4212d562f11bd5ab24b8c27f_cgraph.map for inclusion in the docs!
If you installed Graphviz/dot after a previous failing run, 
try deleting the output directory and rerun doxygen.
error: problems opening map file Z:/Electronix/doc/html/module_loader_8c_ac3b1aa2f2bd495cd69a452e652ba256f_cgraph.map for inclusion in the docs!
If you installed Graphviz/dot after a previous failing run, 
try deleting the output directory and rerun doxygen.
error: problems opening map file Z:/Electronix/doc/html/module_loader_8c_a8ef977f925568fd5dbf6847981e74321_cgraph.map for inclusion in the docs!
If you installed Graphviz/dot after a previous failing run, 
try deleting the output directory and rerun doxygen.
error: problems opening map file Z:/Electronix/doc/html/module_loader_8c_ab7b95e61e5edfa939bcd79d247a2afa5_cgraph.map for inclusion in the docs!
If you installed Graphviz/dot after a previous failing run, 
try deleting the output directory and rerun doxygen.
error: problems opening map file Z:/Electronix/doc/html/module_loader_8c_a73e12b4757f64e53c9420234dce60d43_cgraph.map for inclusion in the docs!
If you installed Graphviz/dot after a previous failing run, 
try deleting the output directory and rerun doxygen.
error: problems opening map file Z:/Electronix/doc/html/module_loader_8c_a0cb4e1b841f428492b9baab65e8d1acb_cgraph.map for inclusion in the docs!
If you installed Graphviz/dot after a previous failing run, 
try deleting the output directory and rerun doxygen.
error: problems opening map file Z:/Electronix/doc/html/module_loader_8h__incl.map for inclusion in the docs!
If you installed Graphviz/dot after a previous failing run, 
try deleting the output directory and rerun doxygen.
error: problems opening map file Z:/Electronix/doc/html/module_loader_8h__dep__incl.map for inclusion in the docs!
If you installed Graphviz/dot after a previous failing run, 
try deleting the output directory and rerun doxygen.
error: problems opening map file Z:/Electronix/doc/html/module_loader_8h_a23db3f77d514d8f64e7349086586e3a2_cgraph.map for inclusion in the docs!
If you installed Graphviz/dot after a previous failing run, 
try deleting the output directory and rerun doxygen.
error: problems opening map file Z:/Electronix/doc/html/module_loader_8h_a4e37e3ee4212d562f11bd5ab24b8c27f_cgraph.map for inclusion in the docs!
If you installed Graphviz/dot after a previous failing run, 
try deleting the output directory and rerun doxygen.
error: problems opening map file Z:/Electronix/doc/html/module_loader_8h_ac3b1aa2f2bd495cd69a452e652ba256f_cgraph.map for inclusion in the docs!
If you installed Graphviz/dot after a previous failing run, 
try deleting the output directory and rerun doxygen.
error: problems opening map file Z:/Electronix/doc/html/module_loader_8h_ab7b95e61e5edfa939bcd79d247a2afa5_cgraph.map for inclusion in the docs!
If you installed Graphviz/dot after a previous failing run, 
try deleting the output directory and rerun doxygen.
error: problems opening map file Z:/Electronix/doc/html/module_loader_8h_a73e12b4757f64e53c9420234dce60d43_cgraph.map for inclusion in the docs!
If you installed Graphviz/dot after a previous failing run, 
try deleting the output directory and rerun doxygen.
error: problems opening map file Z:/Electronix/doc/html/module_loader_8h_a0cb4e1b841f428492b9baab65e8d1acb_cgraph.map for inclusion in the docs!
If you installed Graphviz/dot after a previous failing run, 
try deleting the output directory and rerun doxygen.
error: problems opening map file Z:/Electronix/doc/html/modules_8c__incl.map for inclusion in the docs!
If you installed Graphviz/dot after a previous failing run, 
try deleting the output directory and rerun doxygen.
error: problems opening map file Z:/Electronix/doc/html/modules_8h__incl.map for inclusion in the docs!
If you installed Graphviz/dot after a previous failing run, 
try deleting the output directory and rerun doxygen.
error: problems opening map file Z:/Electronix/doc/html/modules_8h__dep__incl.map for inclusion in the docs!
If you installed Graphviz/dot after a previous failing run, 
try deleting the output directory and rerun doxygen.
error: problems opening map file Z:/Electronix/doc/html/m_resistor_8c__incl.map for inclusion in the docs!
If you installed Graphviz/dot after a previous failing run, 
try deleting the output directory and rerun doxygen.
error: problems opening map file Z:/Electronix/doc/html/m_resistor_8c_a23fc8b451a3aca15e5bff60c7814f87e_cgraph.map for inclusion in the docs!
If you installed Graphviz/dot after a previous failing run, 
try deleting the output directory and rerun doxygen.
error: problems opening map file Z:/Electronix/doc/html/m_resistor_8h__incl.map for inclusion in the docs!
If you installed Graphviz/dot after a previous failing run, 
try deleting the output directory and rerun doxygen.
error: problems opening map file Z:/Electronix/doc/html/m_resistor_8h__dep__incl.map for inclusion in the docs!
If you installed Graphviz/dot after a previous failing run, 
try deleting the output directory and rerun doxygen.
error: problems opening map file Z:/Electronix/doc/html/m_resistor_8h_a23fc8b451a3aca15e5bff60c7814f87e_cgraph.map for inclusion in the docs!
If you installed Graphviz/dot after a previous failing run, 
try deleting the output directory and rerun doxygen.
error: problems opening map file Z:/Electronix/doc/html/m_wires_8c__incl.map for inclusion in the docs!
If you installed Graphviz/dot after a previous failing run, 
try deleting the output directory and rerun doxygen.
error: problems opening map file Z:/Electronix/doc/html/m_wires_8h__incl.map for inclusion in the docs!
If you installed Graphviz/dot after a previous failing run, 
try deleting the output directory and rerun doxygen.
error: problems opening map file Z:/Electronix/doc/html/m_wires_8h__dep__incl.map for inclusion in the docs!
If you installed Graphviz/dot after a previous failing run, 
try deleting the output directory and rerun doxygen.
error: problems opening map file Z:/Electronix/doc/html/ressources_8c__incl.map for inclusion in the docs!
If you installed Graphviz/dot after a previous failing run, 
try deleting the output directory and rerun doxygen.
error: problems opening map file Z:/Electronix/doc/html/ressources_8c_a5f46ac5be9c41745acdb69375ff8679a_cgraph.map for inclusion in the docs!
If you installed Graphviz/dot after a previous failing run, 
try deleting the output directory and rerun doxygen.
error: problems opening map file Z:/Electronix/doc/html/ressources_8c_a6815b293634bf4b67a5fbfddd8a10468_cgraph.map for inclusion in the docs!
If you installed Graphviz/dot after a previous failing run, 
try deleting the output directory and rerun doxygen.
error: problems opening map file Z:/Electronix/doc/html/ressources_8h__incl.map for inclusion in the docs!
If you installed Graphviz/dot after a previous failing run, 
try deleting the output directory and rerun doxygen.
error: problems opening map file Z:/Electronix/doc/html/ressources_8h__dep__incl.map for inclusion in the docs!
If you installed Graphviz/dot after a previous failing run, 
try deleting the output directory and rerun doxygen.
error: problems opening map file Z:/Electronix/doc/html/saveload_8c__incl.map for inclusion in the docs!
If you installed Graphviz/dot after a previous failing run, 
try deleting the output directory and rerun doxygen.
error: problems opening map file Z:/Electronix/doc/html/saveload_8c_a75ea2cf72c85e243ae187bcbc8d166e9_cgraph.map for inclusion in the docs!
If you installed Graphviz/dot after a previous failing run, 
try deleting the output directory and rerun doxygen.
error: problems opening map file Z:/Electronix/doc/html/saveload_8c_ad95745577539bb4e4566da893141d04d_cgraph.map for inclusion in the docs!
If you installed Graphviz/dot after a previous failing run, 
try deleting the output directory and rerun doxygen.
error: problems opening map file Z:/Electronix/doc/html/saveload_8c_aa828efb8d6104df27f1589f7827b8ea2_cgraph.map for inclusion in the docs!
If you installed Graphviz/dot after a previous failing run, 
try deleting the output directory and rerun doxygen.
error: problems opening map file Z:/Electronix/doc/html/saveload_8h__incl.map for inclusion in the docs!
If you installed Graphviz/dot after a previous failing run, 
try deleting the output directory and rerun doxygen.
error: problems opening map file Z:/Electronix/doc/html/saveload_8h__dep__incl.map for inclusion in the docs!
If you installed Graphviz/dot after a previous failing run, 
try deleting the output directory and rerun doxygen.
error: problems opening map file Z:/Electronix/doc/html/saveload_8h_a75ea2cf72c85e243ae187bcbc8d166e9_cgraph.map for inclusion in the docs!
If you installed Graphviz/dot after a previous failing run, 
try deleting the output directory and rerun doxygen.
error: problems opening map file Z:/Electronix/doc/html/saveload_8h_ad95745577539bb4e4566da893141d04d_cgraph.map for inclusion in the docs!
If you installed Graphviz/dot after a previous failing run, 
try deleting the output directory and rerun doxygen.
error: problems opening map file Z:/Electronix/doc/html/saveload_8h_aa828efb8d6104df27f1589f7827b8ea2_cgraph.map for inclusion in the docs!
If you installed Graphviz/dot after a previous failing run, 
try deleting the output directory and rerun doxygen.
error: problems opening map file Z:/Electronix/doc/html/surfaces_manager_8c__incl.map for inclusion in the docs!
If you installed Graphviz/dot after a previous failing run, 
try deleting the output directory and rerun doxygen.
error: problems opening map file Z:/Electronix/doc/html/surfaces_manager_8h__incl.map for inclusion in the docs!
If you installed Graphviz/dot after a previous failing run, 
try deleting the output directory and rerun doxygen.
error: problems opening map file Z:/Electronix/doc/html/surfaces_manager_8h__dep__incl.map for inclusion in the docs!
If you installed Graphviz/dot after a previous failing run, 
try deleting the output directory and rerun doxygen.
error: problems opening map file Z:/Electronix/doc/html/textures_manager_8c__incl.map for inclusion in the docs!
If you installed Graphviz/dot after a previous failing run, 
try deleting the output directory and rerun doxygen.
error: problems opening map file Z:/Electronix/doc/html/textures_manager_8h__incl.map for inclusion in the docs!
If you installed Graphviz/dot after a previous failing run, 
try deleting the output directory and rerun doxygen.
error: problems opening map file Z:/Electronix/doc/html/textures_manager_8h__dep__incl.map for inclusion in the docs!
If you installed Graphviz/dot after a previous failing run, 
try deleting the output directory and rerun doxygen.
error: problems opening map file Z:/Electronix/doc/html/ui_event_8c__incl.map for inclusion in the docs!
If you installed Graphviz/dot after a previous failing run, 
try deleting the output directory and rerun doxygen.
error: problems opening map file Z:/Electronix/doc/html/ui_event_8h__incl.map for inclusion in the docs!
If you installed Graphviz/dot after a previous failing run, 
try deleting the output directory and rerun doxygen.
error: problems opening map file Z:/Electronix/doc/html/ui_event_8h__dep__incl.map for inclusion in the docs!
If you installed Graphviz/dot after a previous failing run, 
try deleting the output directory and rerun doxygen.
error: problems opening map file Z:/Electronix/doc/html/ui_manager_8c__incl.map for inclusion in the docs!
If you installed Graphviz/dot after a previous failing run, 
try deleting the output directory and rerun doxygen.
error: problems opening map file Z:/Electronix/doc/html/ui_manager_8h__incl.map for inclusion in the docs!
If you installed Graphviz/dot after a previous failing run, 
try deleting the output directory and rerun doxygen.
error: problems opening map file Z:/Electronix/doc/html/ui_manager_8h__dep__incl.map for inclusion in the docs!
If you installed Graphviz/dot after a previous failing run, 
try deleting the output directory and rerun doxygen.
error: problems opening map file Z:/Electronix/doc/html/struct_grid___manager__coll__graph.map for inclusion in the docs!
If you installed Graphviz/dot after a previous failing run, 
try deleting the output directory and rerun doxygen.
error: problems opening map file Z:/Electronix/doc/html/struct_item_component__coll__graph.map for inclusion in the docs!
If you installed Graphviz/dot after a previous failing run, 
try deleting the output directory and rerun doxygen.
error: problems opening map file Z:/Electronix/doc/html/dir_2226e7cee458e944ce416b5f99af0923_dep.map for inclusion in the docs!
If you installed Graphviz/dot after a previous failing run, 
try deleting the output directory and rerun doxygen.
error: problems opening map file Z:/Electronix/doc/html/dir_3367554fba2c52f1c04b4bdcbbcfa03d_dep.map for inclusion in the docs!
If you installed Graphviz/dot after a previous failing run, 
try deleting the output directory and rerun doxygen.
error: problems opening map file Z:/Electronix/doc/html/dir_ddb4d7e95cc2d6c8e1ade10a20d7247d_dep.map for inclusion in the docs!
If you installed Graphviz/dot after a previous failing run, 
try deleting the output directory and rerun doxygen.
error: problems opening map file Z:/Electronix/doc/html/dir_68267d1309a1af8e8297ef4c3efbcdba_dep.map for inclusion in the docs!
If you installed Graphviz/dot after a previous failing run, 
try deleting the output directory and rerun doxygen.
error: problems opening map file Z:/Electronix/doc/html/dir_313caf1132e152dd9b58bea13a4052ca_dep.map for inclusion in the docs!
If you installed Graphviz/dot after a previous failing run, 
try deleting the output directory and rerun doxygen.
